

Microchip Technology PIC LITE Macro Assembler V1.43 build -156212558 
                                                                                               Wed Jul 03 21:49:35 2019

Microchip Technology Omniscient Code Generator v1.43 (Free mode) build 201707250354
     1                           	processor	16F690
     2                           	opt	pw 120
     3                           	opt	lm
     4                           	psect	cinit,global,class=CODE,merge=1,delta=2
     5                           	psect	bssCOMMON,global,class=COMMON,space=1,delta=1
     6                           	psect	cstackCOMMON,global,class=COMMON,space=1,delta=1
     7                           	psect	cstackBANK0,global,class=BANK0,space=1,delta=1
     8                           	psect	maintext,global,class=CODE,split=1,delta=2
     9                           	psect	text1,local,class=CODE,merge=1,delta=2
    10                           	psect	text2,local,class=CODE,merge=1,delta=2
    11                           	psect	text3,local,class=CODE,merge=1,delta=2
    12                           	psect	text4,local,class=CODE,merge=1,delta=2
    13                           	psect	text5,local,class=CODE,merge=1,delta=2
    14                           	psect	text6,local,class=CODE,merge=1,delta=2
    15                           	psect	text7,local,class=CODE,merge=1,delta=2
    16                           	psect	intentry,global,class=CODE,delta=2
    17                           	psect	text8,local,class=CODE,merge=1,delta=2
    18                           	dabs	1,0x7E,2
    19  0000                     
    20                           ; Version 1.43
    21                           ; Generated 25/07/2017 GMT
    22                           ; 
    23                           ; Copyright © 2017, Microchip Technology Inc. and its subsidiaries ("Microchip")
    24                           ; All rights reserved.
    25                           ; 
    26                           ; This software is developed by Microchip Technology Inc. and its subsidiaries ("Microch
      +                          ip").
    27                           ; 
    28                           ; Redistribution and use in source and binary forms, with or without modification, are
    29                           ; permitted provided that the following conditions are met:
    30                           ; 
    31                           ;     1. Redistributions of source code must retain the above copyright notice, this lis
      +                          t of
    32                           ;        conditions and the following disclaimer.
    33                           ; 
    34                           ;     2. Redistributions in binary form must reproduce the above copyright notice, this 
      +                          list
    35                           ;        of conditions and the following disclaimer in the documentation and/or other
    36                           ;        materials provided with the distribution.
    37                           ; 
    38                           ;     3. Microchip's name may not be used to endorse or promote products derived from th
      +                          is
    39                           ;        software without specific prior written permission.
    40                           ; 
    41                           ; THIS SOFTWARE IS PROVIDED BY MICROCHIP "AS IS" AND ANY EXPRESS OR IMPLIED WARRANTIES,
    42                           ; INCLUDING, BUT NOT LIMITED TO, THE IMPLIED WARRANTIES OF MERCHANTABILITY AND FITNESS F
      +                          OR
    43                           ; PURPOSE ARE DISCLAIMED.  IN NO EVENT SHALL MICROCHIP BE LIABLE FOR ANY DIRECT, INDIREC
      +                          T,
    44                           ; INCIDENTAL, SPECIAL, EXEMPLARY, OR CONSEQUENTIAL DAMAGES (INCLUDING BUT NOT LIMITED TO
    45                           ; PROCUREMENT OF SUBSTITUTE GOODS OR SERVICES; LOSS OF USE, DATA OR PROFITS; OR BUSINESS
    46                           ; INTERRUPTION) HOWSOEVER CAUSED AND ON ANY THEORY OF LIABILITY, WHETHER IN CONTRACT, ST
      +                          RICT
    47                           ; LIABILITY, OR TORT (INCLUDING NEGLIGENCE OR OTHERWISE) ARISING IN ANY WAY OUT OF THE U
      +                          SE OF
    48                           ; THIS SOFTWARE, EVEN IF ADVISED OF THE POSSIBILITY OF SUCH DAMAGE.
    49                           ; 
    50                           ; 
    51                           ; Code-generator required, PIC16F690 Definitions
    52                           ; 
    53                           ; SFR Addresses
    54  0000                     	;# 
    55  0001                     	;# 
    56  0002                     	;# 
    57  0003                     	;# 
    58  0004                     	;# 
    59  0005                     	;# 
    60  0006                     	;# 
    61  0007                     	;# 
    62  000A                     	;# 
    63  000B                     	;# 
    64  000C                     	;# 
    65  000D                     	;# 
    66  000E                     	;# 
    67  000E                     	;# 
    68  000F                     	;# 
    69  0010                     	;# 
    70  0011                     	;# 
    71  0012                     	;# 
    72  0013                     	;# 
    73  0014                     	;# 
    74  0015                     	;# 
    75  0015                     	;# 
    76  0016                     	;# 
    77  0017                     	;# 
    78  0018                     	;# 
    79  0019                     	;# 
    80  001A                     	;# 
    81  001C                     	;# 
    82  001D                     	;# 
    83  001E                     	;# 
    84  001F                     	;# 
    85  0081                     	;# 
    86  0085                     	;# 
    87  0086                     	;# 
    88  0087                     	;# 
    89  008C                     	;# 
    90  008D                     	;# 
    91  008E                     	;# 
    92  008F                     	;# 
    93  0090                     	;# 
    94  0092                     	;# 
    95  0093                     	;# 
    96  0093                     	;# 
    97  0093                     	;# 
    98  0094                     	;# 
    99  0095                     	;# 
   100  0095                     	;# 
   101  0096                     	;# 
   102  0096                     	;# 
   103  0097                     	;# 
   104  0098                     	;# 
   105  0099                     	;# 
   106  009A                     	;# 
   107  009B                     	;# 
   108  009E                     	;# 
   109  009F                     	;# 
   110  010C                     	;# 
   111  010C                     	;# 
   112  010D                     	;# 
   113  010E                     	;# 
   114  010F                     	;# 
   115  0115                     	;# 
   116  0116                     	;# 
   117  0118                     	;# 
   118  0119                     	;# 
   119  011A                     	;# 
   120  011B                     	;# 
   121  011E                     	;# 
   122  011F                     	;# 
   123  018C                     	;# 
   124  018D                     	;# 
   125  019D                     	;# 
   126  019E                     	;# 
   127  0007                     _PORTCbits	set	7
   128  000B                     _INTCONbits	set	11
   129  0081                     _OPTION_REGbits	set	129
   130  0087                     _TRISC	set	135
   131  0086                     _TRISB	set	134
   132  0085                     _TRISA	set	133
   133  011E                     _ANSEL	set	286
   134                           
   135                           ; #config settings
   136  0000                     
   137                           	psect	cinit
   138  0013                     start_initialization:	
   139  0013                     __initialization:	
   140                           
   141                           ; Clear objects allocated to COMMON
   142  0013  01FC               	clrf	__pbssCOMMON& (0+127)
   143  0014  01FD               	clrf	(__pbssCOMMON+1)& (0+127)
   144  0015                     end_of_initialization:	
   145                           ;End of C runtime variable initialization code
   146                           
   147  0015                     __end_of__initialization:	
   148  0015  0183               	clrf	3
   149  0016  118A  2873         	ljmp	_main	;jump to C main() function
   150                           
   151                           	psect	bssCOMMON
   152  007C                     __pbssCOMMON:	
   153  007C                     _state:	
   154  007C                     	ds	2
   155                           
   156                           	psect	cstackCOMMON
   157  0070                     __pcstackCOMMON:	
   158  0070                     ?__state0:	
   159  0070                     ?__state1:	
   160                           ; 1 bytes @ 0x0
   161                           
   162  0070                     ?__state2:	
   163                           ; 1 bytes @ 0x0
   164                           
   165  0070                     ?__state3:	
   166                           ; 1 bytes @ 0x0
   167                           
   168  0070                     ?__state4:	
   169                           ; 1 bytes @ 0x0
   170                           
   171  0070                     ?__state5:	
   172                           ; 1 bytes @ 0x0
   173                           
   174  0070                     ?_isr:	
   175                           ; 1 bytes @ 0x0
   176                           
   177  0070                     ?i1__state0:	
   178                           ; 1 bytes @ 0x0
   179                           
   180  0070                     ??i1__state0:	
   181                           ; 1 bytes @ 0x0
   182                           
   183  0070                     ?_main:	
   184                           ; 1 bytes @ 0x0
   185                           
   186                           
   187                           ; 2 bytes @ 0x0
   188  0070                     	ds	3
   189  0073                     ??_isr:	
   190                           
   191                           ; 1 bytes @ 0x3
   192  0073                     	ds	7
   193  007A                     isr@i:	
   194                           
   195                           ; 2 bytes @ 0xA
   196  007A                     	ds	2
   197                           
   198                           	psect	cstackBANK0
   199  0020                     __pcstackBANK0:	
   200  0020                     ??__state0:	
   201  0020                     ??__state1:	
   202                           ; 1 bytes @ 0x0
   203                           
   204  0020                     ??__state2:	
   205                           ; 1 bytes @ 0x0
   206                           
   207  0020                     ??__state3:	
   208                           ; 1 bytes @ 0x0
   209                           
   210  0020                     ??__state4:	
   211                           ; 1 bytes @ 0x0
   212                           
   213  0020                     ??__state5:	
   214                           ; 1 bytes @ 0x0
   215                           
   216                           
   217                           ; 1 bytes @ 0x0
   218  0020                     	ds	3
   219  0023                     ??_main:	
   220                           
   221                           	psect	maintext
   222  0073                     __pmaintext:	
   223                           ; 1 bytes @ 0x3
   224 ;;
   225 ;;Main: autosize = 0, tempsize = 0, incstack = 0, save=0
   226 ;;
   227 ;; *************** function _main *****************
   228 ;; Defined at:
   229 ;;		line 153 in file "newmain.c"
   230 ;; Parameters:    Size  Location     Type
   231 ;;		None
   232 ;; Auto vars:     Size  Location     Type
   233 ;;		None
   234 ;; Return value:  Size  Location     Type
   235 ;;                  2   47[None  ] int 
   236 ;; Registers used:
   237 ;;		wreg, status,2, status,0, pclath, cstack
   238 ;; Tracked objects:
   239 ;;		On entry : B00/0
   240 ;;		On exit  : 0/0
   241 ;;		Unchanged: 0/0
   242 ;; Data sizes:     COMMON   BANK0   BANK1   BANK2
   243 ;;      Params:         0       0       0       0
   244 ;;      Locals:         0       0       0       0
   245 ;;      Temps:          0       0       0       0
   246 ;;      Totals:         0       0       0       0
   247 ;;Total ram usage:        0 bytes
   248 ;; Hardware stack levels required when called:    3
   249 ;; This function calls:
   250 ;;		__state0
   251 ;;		__state1
   252 ;;		__state2
   253 ;;		__state3
   254 ;;		__state4
   255 ;;		__state5
   256 ;; This function is called by:
   257 ;;		Startup code after reset
   258 ;; This function uses a non-reentrant model
   259 ;;
   260                           
   261                           
   262                           ;psect for function _main
   263  0073                     _main:	
   264                           
   265                           ;newmain.c: 155: ANSEL = 0x00;
   266                           
   267                           ;incstack = 0
   268                           ; Regs used in _main: [wreg+status,2+status,0+pclath+cstack]
   269  0073  1283               	bcf	3,5	;RP0=0, select bank2
   270  0074  1703               	bsf	3,6	;RP1=1, select bank2
   271  0075  019E               	clrf	30	;volatile
   272                           
   273                           ;newmain.c: 156: TRISA = 0b00000100;
   274  0076  3004               	movlw	4
   275  0077  1683               	bsf	3,5	;RP0=1, select bank1
   276  0078  1303               	bcf	3,6	;RP1=0, select bank1
   277  0079  0085               	movwf	5	;volatile
   278                           
   279                           ;newmain.c: 157: TRISB = 0b00000000;
   280  007A  0186               	clrf	6	;volatile
   281                           
   282                           ;newmain.c: 158: TRISC = 0b00000000;
   283  007B  0187               	clrf	7	;volatile
   284                           
   285                           ;newmain.c: 160: INTCONbits.INTF = 0;
   286  007C  108B               	bcf	11,1	;volatile
   287                           
   288                           ;newmain.c: 161: OPTION_REGbits.INTEDG = 1;
   289  007D  1701               	bsf	1,6	;volatile
   290                           
   291                           ;newmain.c: 162: INTCONbits.INTE = 1;
   292  007E  160B               	bsf	11,4	;volatile
   293                           
   294                           ;newmain.c: 163: INTCONbits.GIE = 1;
   295  007F  178B               	bsf	11,7	;volatile
   296                           
   297                           ;newmain.c: 165: state = 0;
   298  0080  01FC               	clrf	_state
   299  0081  01FD               	clrf	_state+1
   300  0082  2896               	goto	l692
   301  0083                     l694:	
   302                           
   303                           ;newmain.c: 170: {
   304                           ;newmain.c: 171: _state0();
   305  0083  118A  212E  118A   	fcall	__state0
   306                           
   307                           ;newmain.c: 172: }
   308  0086  2896               	goto	l692
   309  0087                     l698:	
   310                           
   311                           ;newmain.c: 174: {
   312                           ;newmain.c: 175: _state1();
   313  0087  118A  2110  118A   	fcall	__state1
   314                           
   315                           ;newmain.c: 176: }
   316  008A  2896               	goto	l692
   317  008B                     l702:	
   318                           
   319                           ;newmain.c: 178: {
   320                           ;newmain.c: 179: _state2();
   321  008B  118A  20F2  118A   	fcall	__state2
   322                           
   323                           ;newmain.c: 180: }
   324  008E  2896               	goto	l692
   325  008F                     l706:	
   326                           
   327                           ;newmain.c: 182: {
   328                           ;newmain.c: 183: _state3();
   329  008F  118A  20D4  118A   	fcall	__state3
   330                           
   331                           ;newmain.c: 184: }
   332  0092  2896               	goto	l692
   333  0093                     l710:	
   334                           
   335                           ;newmain.c: 186: {
   336                           ;newmain.c: 187: _state4();
   337  0093  118A  20B6  118A   	fcall	__state4
   338  0096                     l692:	
   339                           ;newmain.c: 167: while(1)
   340                           
   341                           ;newmain.c: 188: }
   342                           
   343                           
   344                           ;newmain.c: 168: {
   345                           ;newmain.c: 169: if (state == 0)
   346  0096  087C               	movf	_state,w
   347  0097  047D               	iorwf	_state+1,w
   348  0098  1903               	btfsc	3,2
   349  0099  2883               	goto	l694
   350                           
   351                           ;newmain.c: 173: else if (state == 1)
   352  009A  037C               	decf	_state,w
   353  009B  047D               	iorwf	_state+1,w
   354  009C  1903               	btfsc	3,2
   355  009D  2887               	goto	l698
   356                           
   357                           ;newmain.c: 177: else if (state == 2)
   358  009E  3002               	movlw	2
   359  009F  067C               	xorwf	_state,w
   360  00A0  047D               	iorwf	_state+1,w
   361  00A1  1903               	btfsc	3,2
   362  00A2  288B               	goto	l702
   363                           
   364                           ;newmain.c: 181: else if (state == 3)
   365  00A3  3003               	movlw	3
   366  00A4  067C               	xorwf	_state,w
   367  00A5  047D               	iorwf	_state+1,w
   368  00A6  1903               	btfsc	3,2
   369  00A7  288F               	goto	l706
   370                           
   371                           ;newmain.c: 185: else if (state == 4)
   372  00A8  3004               	movlw	4
   373  00A9  067C               	xorwf	_state,w
   374  00AA  047D               	iorwf	_state+1,w
   375  00AB  1903               	btfsc	3,2
   376  00AC  2893               	goto	l710
   377                           
   378                           ;newmain.c: 189: else if (state == 5)
   379  00AD  3005               	movlw	5
   380  00AE  067C               	xorwf	_state,w
   381  00AF  047D               	iorwf	_state+1,w
   382  00B0  1D03               	btfss	3,2
   383  00B1  2896               	goto	l692
   384                           
   385                           ;newmain.c: 190: {
   386                           ;newmain.c: 191: _state5();
   387  00B2  118A  214C  118A   	fcall	__state5
   388  00B5  2896               	goto	l692
   389  00B6                     __end_of_main:	
   390                           ;newmain.c: 192: }
   391                           ;newmain.c: 193: }
   392                           ;newmain.c: 195: return 0;
   393                           ;	Return value of _main is never used
   394                           
   395                           
   396                           	psect	text1
   397  014C                     __ptext1:	
   398 ;; *************** function __state5 *****************
   399 ;; Defined at:
   400 ;;		line 110 in file "newmain.c"
   401 ;; Parameters:    Size  Location     Type
   402 ;;		None
   403 ;; Auto vars:     Size  Location     Type
   404 ;;		None
   405 ;; Return value:  Size  Location     Type
   406 ;;                  1    wreg      void 
   407 ;; Registers used:
   408 ;;		wreg, status,2
   409 ;; Tracked objects:
   410 ;;		On entry : 0/0
   411 ;;		On exit  : 0/0
   412 ;;		Unchanged: 0/0
   413 ;; Data sizes:     COMMON   BANK0   BANK1   BANK2
   414 ;;      Params:         0       0       0       0
   415 ;;      Locals:         0       0       0       0
   416 ;;      Temps:          0       3       0       0
   417 ;;      Totals:         0       3       0       0
   418 ;;Total ram usage:        3 bytes
   419 ;; Hardware stack levels used:    1
   420 ;; Hardware stack levels required when called:    2
   421 ;; This function calls:
   422 ;;		Nothing
   423 ;; This function is called by:
   424 ;;		_main
   425 ;; This function uses a non-reentrant model
   426 ;;
   427                           
   428                           
   429                           ;psect for function __state5
   430  014C                     __state5:	
   431                           
   432                           ;newmain.c: 112: INTCONbits.GIE = 0;
   433                           
   434                           ;incstack = 0
   435                           ; Regs used in __state5: [wreg+status,2]
   436  014C  138B               	bcf	11,7	;volatile
   437                           
   438                           ;newmain.c: 113: INTCONbits.INTF = 0;
   439  014D  108B               	bcf	11,1	;volatile
   440                           
   441                           ;newmain.c: 114: PORTCbits.RC5 = 1;
   442  014E  1283               	bcf	3,5	;RP0=0, select bank0
   443  014F  1303               	bcf	3,6	;RP1=0, select bank0
   444  0150  1687               	bsf	7,5	;volatile
   445                           
   446                           ;newmain.c: 115: PORTCbits.RC4 = 0;
   447  0151  1207               	bcf	7,4	;volatile
   448                           
   449                           ;newmain.c: 116: PORTCbits.RC3 = 0;
   450  0152  1187               	bcf	7,3	;volatile
   451                           
   452                           ;newmain.c: 117: PORTCbits.RC0 = 1;
   453  0153  1407               	bsf	7,0	;volatile
   454                           
   455                           ;newmain.c: 118: PORTCbits.RC1 = 0;
   456  0154  1087               	bcf	7,1	;volatile
   457                           
   458                           ;newmain.c: 119: PORTCbits.RC2 = 0;
   459  0155  1107               	bcf	7,2	;volatile
   460                           
   461                           ;newmain.c: 120: _delay((unsigned long)((1000)*(4000000/4000.0)));
   462  0156  3006               	movlw	6
   463  0157  1283               	bcf	3,5	;RP0=0, select bank0
   464  0158  1303               	bcf	3,6	;RP1=0, select bank0
   465  0159  00A2               	movwf	??__state5+2
   466  015A  3013               	movlw	19
   467  015B  00A1               	movwf	??__state5+1
   468  015C  30AD               	movlw	173
   469  015D  00A0               	movwf	??__state5
   470  015E                     u157:	
   471  015E  0BA0               	decfsz	??__state5,f
   472  015F  295E               	goto	u157
   473  0160  0BA1               	decfsz	??__state5+1,f
   474  0161  295E               	goto	u157
   475  0162  0BA2               	decfsz	??__state5+2,f
   476  0163  295E               	goto	u157
   477  0164  0000               	nop
   478                           
   479                           ;newmain.c: 122: state = 0;
   480  0165  01FC               	clrf	_state
   481  0166  01FD               	clrf	_state+1
   482  0167  0008               	return
   483  0168                     __end_of__state5:	
   484                           ;newmain.c: 124: return;
   485                           
   486                           
   487                           	psect	text2
   488  00B6                     __ptext2:	
   489 ;; *************** function __state4 *****************
   490 ;; Defined at:
   491 ;;		line 93 in file "newmain.c"
   492 ;; Parameters:    Size  Location     Type
   493 ;;		None
   494 ;; Auto vars:     Size  Location     Type
   495 ;;		None
   496 ;; Return value:  Size  Location     Type
   497 ;;                  1    wreg      void 
   498 ;; Registers used:
   499 ;;		wreg
   500 ;; Tracked objects:
   501 ;;		On entry : 0/0
   502 ;;		On exit  : 0/0
   503 ;;		Unchanged: 0/0
   504 ;; Data sizes:     COMMON   BANK0   BANK1   BANK2
   505 ;;      Params:         0       0       0       0
   506 ;;      Locals:         0       0       0       0
   507 ;;      Temps:          0       3       0       0
   508 ;;      Totals:         0       3       0       0
   509 ;;Total ram usage:        3 bytes
   510 ;; Hardware stack levels used:    1
   511 ;; Hardware stack levels required when called:    2
   512 ;; This function calls:
   513 ;;		Nothing
   514 ;; This function is called by:
   515 ;;		_main
   516 ;; This function uses a non-reentrant model
   517 ;;
   518                           
   519                           
   520                           ;psect for function __state4
   521  00B6                     __state4:	
   522                           
   523                           ;newmain.c: 95: INTCONbits.GIE = 0;
   524                           
   525                           ;incstack = 0
   526                           ; Regs used in __state4: [wreg]
   527  00B6  138B               	bcf	11,7	;volatile
   528                           
   529                           ;newmain.c: 96: INTCONbits.INTF = 0;
   530  00B7  108B               	bcf	11,1	;volatile
   531                           
   532                           ;newmain.c: 97: PORTCbits.RC5 = 1;
   533  00B8  1283               	bcf	3,5	;RP0=0, select bank0
   534  00B9  1303               	bcf	3,6	;RP1=0, select bank0
   535  00BA  1687               	bsf	7,5	;volatile
   536                           
   537                           ;newmain.c: 98: PORTCbits.RC4 = 0;
   538  00BB  1207               	bcf	7,4	;volatile
   539                           
   540                           ;newmain.c: 99: PORTCbits.RC3 = 0;
   541  00BC  1187               	bcf	7,3	;volatile
   542                           
   543                           ;newmain.c: 100: PORTCbits.RC0 = 0;
   544  00BD  1007               	bcf	7,0	;volatile
   545                           
   546                           ;newmain.c: 101: PORTCbits.RC1 = 1;
   547  00BE  1487               	bsf	7,1	;volatile
   548                           
   549                           ;newmain.c: 102: PORTCbits.RC2 = 0;
   550  00BF  1107               	bcf	7,2	;volatile
   551                           
   552                           ;newmain.c: 103: _delay((unsigned long)((3000)*(4000000/4000.0)));
   553  00C0  3010               	movlw	16
   554  00C1  1283               	bcf	3,5	;RP0=0, select bank0
   555  00C2  1303               	bcf	3,6	;RP1=0, select bank0
   556  00C3  00A2               	movwf	??__state4+2
   557  00C4  3039               	movlw	57
   558  00C5  00A1               	movwf	??__state4+1
   559  00C6  300D               	movlw	13
   560  00C7  00A0               	movwf	??__state4
   561  00C8                     u167:	
   562  00C8  0BA0               	decfsz	??__state4,f
   563  00C9  28C8               	goto	u167
   564  00CA  0BA1               	decfsz	??__state4+1,f
   565  00CB  28C8               	goto	u167
   566  00CC  0BA2               	decfsz	??__state4+2,f
   567  00CD  28C8               	goto	u167
   568  00CE  0000               	nop
   569                           
   570                           ;newmain.c: 105: state = 5;
   571  00CF  3005               	movlw	5
   572  00D0  00FC               	movwf	_state
   573  00D1  3000               	movlw	0
   574  00D2  00FD               	movwf	_state+1
   575  00D3  0008               	return
   576  00D4                     __end_of__state4:	
   577                           ;newmain.c: 107: return;
   578                           
   579                           
   580                           	psect	text3
   581  00D4                     __ptext3:	
   582 ;; *************** function __state3 *****************
   583 ;; Defined at:
   584 ;;		line 76 in file "newmain.c"
   585 ;; Parameters:    Size  Location     Type
   586 ;;		None
   587 ;; Auto vars:     Size  Location     Type
   588 ;;		None
   589 ;; Return value:  Size  Location     Type
   590 ;;                  1    wreg      void 
   591 ;; Registers used:
   592 ;;		wreg
   593 ;; Tracked objects:
   594 ;;		On entry : 0/0
   595 ;;		On exit  : 0/0
   596 ;;		Unchanged: 0/0
   597 ;; Data sizes:     COMMON   BANK0   BANK1   BANK2
   598 ;;      Params:         0       0       0       0
   599 ;;      Locals:         0       0       0       0
   600 ;;      Temps:          0       3       0       0
   601 ;;      Totals:         0       3       0       0
   602 ;;Total ram usage:        3 bytes
   603 ;; Hardware stack levels used:    1
   604 ;; Hardware stack levels required when called:    2
   605 ;; This function calls:
   606 ;;		Nothing
   607 ;; This function is called by:
   608 ;;		_main
   609 ;; This function uses a non-reentrant model
   610 ;;
   611                           
   612                           
   613                           ;psect for function __state3
   614  00D4                     __state3:	
   615                           
   616                           ;newmain.c: 78: INTCONbits.GIE = 0;
   617                           
   618                           ;incstack = 0
   619                           ; Regs used in __state3: [wreg]
   620  00D4  138B               	bcf	11,7	;volatile
   621                           
   622                           ;newmain.c: 79: INTCONbits.INTF = 0;
   623  00D5  108B               	bcf	11,1	;volatile
   624                           
   625                           ;newmain.c: 80: PORTCbits.RC5 = 1;
   626  00D6  1283               	bcf	3,5	;RP0=0, select bank0
   627  00D7  1303               	bcf	3,6	;RP1=0, select bank0
   628  00D8  1687               	bsf	7,5	;volatile
   629                           
   630                           ;newmain.c: 81: PORTCbits.RC4 = 0;
   631  00D9  1207               	bcf	7,4	;volatile
   632                           
   633                           ;newmain.c: 82: PORTCbits.RC3 = 0;
   634  00DA  1187               	bcf	7,3	;volatile
   635                           
   636                           ;newmain.c: 83: PORTCbits.RC0 = 0;
   637  00DB  1007               	bcf	7,0	;volatile
   638                           
   639                           ;newmain.c: 84: PORTCbits.RC1 = 0;
   640  00DC  1087               	bcf	7,1	;volatile
   641                           
   642                           ;newmain.c: 85: PORTCbits.RC2 = 1;
   643  00DD  1507               	bsf	7,2	;volatile
   644                           
   645                           ;newmain.c: 86: _delay((unsigned long)((10000)*(4000000/4000.0)));
   646  00DE  3033               	movlw	51
   647  00DF  1283               	bcf	3,5	;RP0=0, select bank0
   648  00E0  1303               	bcf	3,6	;RP1=0, select bank0
   649  00E1  00A2               	movwf	??__state3+2
   650  00E2  30BB               	movlw	187
   651  00E3  00A1               	movwf	??__state3+1
   652  00E4  30DF               	movlw	223
   653  00E5  00A0               	movwf	??__state3
   654  00E6                     u177:	
   655  00E6  0BA0               	decfsz	??__state3,f
   656  00E7  28E6               	goto	u177
   657  00E8  0BA1               	decfsz	??__state3+1,f
   658  00E9  28E6               	goto	u177
   659  00EA  0BA2               	decfsz	??__state3+2,f
   660  00EB  28E6               	goto	u177
   661  00EC  0000               	nop
   662                           
   663                           ;newmain.c: 88: state = 4;
   664  00ED  3004               	movlw	4
   665  00EE  00FC               	movwf	_state
   666  00EF  3000               	movlw	0
   667  00F0  00FD               	movwf	_state+1
   668  00F1  0008               	return
   669  00F2                     __end_of__state3:	
   670                           ;newmain.c: 90: return;
   671                           
   672                           
   673                           	psect	text4
   674  00F2                     __ptext4:	
   675 ;; *************** function __state2 *****************
   676 ;; Defined at:
   677 ;;		line 59 in file "newmain.c"
   678 ;; Parameters:    Size  Location     Type
   679 ;;		None
   680 ;; Auto vars:     Size  Location     Type
   681 ;;		None
   682 ;; Return value:  Size  Location     Type
   683 ;;                  1    wreg      void 
   684 ;; Registers used:
   685 ;;		wreg
   686 ;; Tracked objects:
   687 ;;		On entry : 0/0
   688 ;;		On exit  : 0/0
   689 ;;		Unchanged: 0/0
   690 ;; Data sizes:     COMMON   BANK0   BANK1   BANK2
   691 ;;      Params:         0       0       0       0
   692 ;;      Locals:         0       0       0       0
   693 ;;      Temps:          0       3       0       0
   694 ;;      Totals:         0       3       0       0
   695 ;;Total ram usage:        3 bytes
   696 ;; Hardware stack levels used:    1
   697 ;; Hardware stack levels required when called:    2
   698 ;; This function calls:
   699 ;;		Nothing
   700 ;; This function is called by:
   701 ;;		_main
   702 ;; This function uses a non-reentrant model
   703 ;;
   704                           
   705                           
   706                           ;psect for function __state2
   707  00F2                     __state2:	
   708                           
   709                           ;newmain.c: 61: INTCONbits.GIE = 0;
   710                           
   711                           ;incstack = 0
   712                           ; Regs used in __state2: [wreg]
   713  00F2  138B               	bcf	11,7	;volatile
   714                           
   715                           ;newmain.c: 62: INTCONbits.INTF = 0;
   716  00F3  108B               	bcf	11,1	;volatile
   717                           
   718                           ;newmain.c: 63: PORTCbits.RC5 = 1;
   719  00F4  1283               	bcf	3,5	;RP0=0, select bank0
   720  00F5  1303               	bcf	3,6	;RP1=0, select bank0
   721  00F6  1687               	bsf	7,5	;volatile
   722                           
   723                           ;newmain.c: 64: PORTCbits.RC4 = 0;
   724  00F7  1207               	bcf	7,4	;volatile
   725                           
   726                           ;newmain.c: 65: PORTCbits.RC3 = 0;
   727  00F8  1187               	bcf	7,3	;volatile
   728                           
   729                           ;newmain.c: 66: PORTCbits.RC0 = 1;
   730  00F9  1407               	bsf	7,0	;volatile
   731                           
   732                           ;newmain.c: 67: PORTCbits.RC1 = 0;
   733  00FA  1087               	bcf	7,1	;volatile
   734                           
   735                           ;newmain.c: 68: PORTCbits.RC2 = 0;
   736  00FB  1107               	bcf	7,2	;volatile
   737                           
   738                           ;newmain.c: 69: _delay((unsigned long)((1000)*(4000000/4000.0)));
   739  00FC  3006               	movlw	6
   740  00FD  1283               	bcf	3,5	;RP0=0, select bank0
   741  00FE  1303               	bcf	3,6	;RP1=0, select bank0
   742  00FF  00A2               	movwf	??__state2+2
   743  0100  3013               	movlw	19
   744  0101  00A1               	movwf	??__state2+1
   745  0102  30AD               	movlw	173
   746  0103  00A0               	movwf	??__state2
   747  0104                     u187:	
   748  0104  0BA0               	decfsz	??__state2,f
   749  0105  2904               	goto	u187
   750  0106  0BA1               	decfsz	??__state2+1,f
   751  0107  2904               	goto	u187
   752  0108  0BA2               	decfsz	??__state2+2,f
   753  0109  2904               	goto	u187
   754  010A  0000               	nop
   755                           
   756                           ;newmain.c: 71: state = 3;
   757  010B  3003               	movlw	3
   758  010C  00FC               	movwf	_state
   759  010D  3000               	movlw	0
   760  010E  00FD               	movwf	_state+1
   761  010F  0008               	return
   762  0110                     __end_of__state2:	
   763                           ;newmain.c: 73: return;
   764                           
   765                           
   766                           	psect	text5
   767  0110                     __ptext5:	
   768 ;; *************** function __state1 *****************
   769 ;; Defined at:
   770 ;;		line 42 in file "newmain.c"
   771 ;; Parameters:    Size  Location     Type
   772 ;;		None
   773 ;; Auto vars:     Size  Location     Type
   774 ;;		None
   775 ;; Return value:  Size  Location     Type
   776 ;;                  1    wreg      void 
   777 ;; Registers used:
   778 ;;		wreg
   779 ;; Tracked objects:
   780 ;;		On entry : 0/0
   781 ;;		On exit  : 0/0
   782 ;;		Unchanged: 0/0
   783 ;; Data sizes:     COMMON   BANK0   BANK1   BANK2
   784 ;;      Params:         0       0       0       0
   785 ;;      Locals:         0       0       0       0
   786 ;;      Temps:          0       3       0       0
   787 ;;      Totals:         0       3       0       0
   788 ;;Total ram usage:        3 bytes
   789 ;; Hardware stack levels used:    1
   790 ;; Hardware stack levels required when called:    2
   791 ;; This function calls:
   792 ;;		Nothing
   793 ;; This function is called by:
   794 ;;		_main
   795 ;; This function uses a non-reentrant model
   796 ;;
   797                           
   798                           
   799                           ;psect for function __state1
   800  0110                     __state1:	
   801                           
   802                           ;newmain.c: 44: INTCONbits.GIE = 0;
   803                           
   804                           ;incstack = 0
   805                           ; Regs used in __state1: [wreg]
   806  0110  138B               	bcf	11,7	;volatile
   807                           
   808                           ;newmain.c: 45: INTCONbits.INTF = 0;
   809  0111  108B               	bcf	11,1	;volatile
   810                           
   811                           ;newmain.c: 46: PORTCbits.RC5 = 0;
   812  0112  1283               	bcf	3,5	;RP0=0, select bank0
   813  0113  1303               	bcf	3,6	;RP1=0, select bank0
   814  0114  1287               	bcf	7,5	;volatile
   815                           
   816                           ;newmain.c: 47: PORTCbits.RC4 = 1;
   817  0115  1607               	bsf	7,4	;volatile
   818                           
   819                           ;newmain.c: 48: PORTCbits.RC3 = 0;
   820  0116  1187               	bcf	7,3	;volatile
   821                           
   822                           ;newmain.c: 49: PORTCbits.RC0 = 1;
   823  0117  1407               	bsf	7,0	;volatile
   824                           
   825                           ;newmain.c: 50: PORTCbits.RC1 = 0;
   826  0118  1087               	bcf	7,1	;volatile
   827                           
   828                           ;newmain.c: 51: PORTCbits.RC2 = 0;
   829  0119  1107               	bcf	7,2	;volatile
   830                           
   831                           ;newmain.c: 52: _delay((unsigned long)((3000)*(4000000/4000.0)));
   832  011A  3010               	movlw	16
   833  011B  1283               	bcf	3,5	;RP0=0, select bank0
   834  011C  1303               	bcf	3,6	;RP1=0, select bank0
   835  011D  00A2               	movwf	??__state1+2
   836  011E  3039               	movlw	57
   837  011F  00A1               	movwf	??__state1+1
   838  0120  300D               	movlw	13
   839  0121  00A0               	movwf	??__state1
   840  0122                     u197:	
   841  0122  0BA0               	decfsz	??__state1,f
   842  0123  2922               	goto	u197
   843  0124  0BA1               	decfsz	??__state1+1,f
   844  0125  2922               	goto	u197
   845  0126  0BA2               	decfsz	??__state1+2,f
   846  0127  2922               	goto	u197
   847  0128  0000               	nop
   848                           
   849                           ;newmain.c: 54: state = 2;
   850  0129  3002               	movlw	2
   851  012A  00FC               	movwf	_state
   852  012B  3000               	movlw	0
   853  012C  00FD               	movwf	_state+1
   854  012D  0008               	return
   855  012E                     __end_of__state1:	
   856                           ;newmain.c: 56: return;
   857                           
   858                           
   859                           	psect	text6
   860  012E                     __ptext6:	
   861 ;; *************** function __state0 *****************
   862 ;; Defined at:
   863 ;;		line 26 in file "newmain.c"
   864 ;; Parameters:    Size  Location     Type
   865 ;;		None
   866 ;; Auto vars:     Size  Location     Type
   867 ;;		None
   868 ;; Return value:  Size  Location     Type
   869 ;;                  1    wreg      void 
   870 ;; Registers used:
   871 ;;		wreg
   872 ;; Tracked objects:
   873 ;;		On entry : 0/0
   874 ;;		On exit  : 0/0
   875 ;;		Unchanged: 0/0
   876 ;; Data sizes:     COMMON   BANK0   BANK1   BANK2
   877 ;;      Params:         0       0       0       0
   878 ;;      Locals:         0       0       0       0
   879 ;;      Temps:          0       3       0       0
   880 ;;      Totals:         0       3       0       0
   881 ;;Total ram usage:        3 bytes
   882 ;; Hardware stack levels used:    1
   883 ;; Hardware stack levels required when called:    2
   884 ;; This function calls:
   885 ;;		Nothing
   886 ;; This function is called by:
   887 ;;		_main
   888 ;; This function uses a non-reentrant model
   889 ;;
   890                           
   891                           
   892                           ;psect for function __state0
   893  012E                     __state0:	
   894                           
   895                           ;newmain.c: 28: INTCONbits.GIE = 1;
   896                           
   897                           ;incstack = 0
   898                           ; Regs used in __state0: [wreg]
   899  012E  178B               	bsf	11,7	;volatile
   900                           
   901                           ;newmain.c: 29: INTCONbits.INTF = 0;
   902  012F  108B               	bcf	11,1	;volatile
   903                           
   904                           ;newmain.c: 30: PORTCbits.RC5 = 0;
   905  0130  1283               	bcf	3,5	;RP0=0, select bank0
   906  0131  1303               	bcf	3,6	;RP1=0, select bank0
   907  0132  1287               	bcf	7,5	;volatile
   908                           
   909                           ;newmain.c: 31: PORTCbits.RC4 = 0;
   910  0133  1207               	bcf	7,4	;volatile
   911                           
   912                           ;newmain.c: 32: PORTCbits.RC3 = 1;
   913  0134  1587               	bsf	7,3	;volatile
   914                           
   915                           ;newmain.c: 33: PORTCbits.RC0 = 1;
   916  0135  1407               	bsf	7,0	;volatile
   917                           
   918                           ;newmain.c: 34: PORTCbits.RC1 = 0;
   919  0136  1087               	bcf	7,1	;volatile
   920                           
   921                           ;newmain.c: 35: PORTCbits.RC2 = 0;
   922  0137  1107               	bcf	7,2	;volatile
   923                           
   924                           ;newmain.c: 36: _delay((unsigned long)((10000)*(4000000/4000.0)));
   925  0138  3033               	movlw	51
   926  0139  1283               	bcf	3,5	;RP0=0, select bank0
   927  013A  1303               	bcf	3,6	;RP1=0, select bank0
   928  013B  00A2               	movwf	??__state0+2
   929  013C  30BB               	movlw	187
   930  013D  00A1               	movwf	??__state0+1
   931  013E  30DF               	movlw	223
   932  013F  00A0               	movwf	??__state0
   933  0140                     u207:	
   934  0140  0BA0               	decfsz	??__state0,f
   935  0141  2940               	goto	u207
   936  0142  0BA1               	decfsz	??__state0+1,f
   937  0143  2940               	goto	u207
   938  0144  0BA2               	decfsz	??__state0+2,f
   939  0145  2940               	goto	u207
   940  0146  0000               	nop
   941                           
   942                           ;newmain.c: 37: state = 1;
   943  0147  3001               	movlw	1
   944  0148  00FC               	movwf	_state
   945  0149  3000               	movlw	0
   946  014A  00FD               	movwf	_state+1
   947  014B  0008               	return
   948  014C                     __end_of__state0:	
   949                           ;newmain.c: 39: return;
   950                           
   951                           
   952                           	psect	text7
   953  0018                     __ptext7:	
   954 ;; *************** function _isr *****************
   955 ;; Defined at:
   956 ;;		line 127 in file "newmain.c"
   957 ;; Parameters:    Size  Location     Type
   958 ;;		None
   959 ;; Auto vars:     Size  Location     Type
   960 ;;  i               2   10[COMMON] int 
   961 ;; Return value:  Size  Location     Type
   962 ;;                  1    wreg      void 
   963 ;; Registers used:
   964 ;;		wreg, status,2, status,0, btemp+1, pclath, cstack
   965 ;; Tracked objects:
   966 ;;		On entry : 0/0
   967 ;;		On exit  : 0/0
   968 ;;		Unchanged: 0/0
   969 ;; Data sizes:     COMMON   BANK0   BANK1   BANK2
   970 ;;      Params:         0       0       0       0
   971 ;;      Locals:         2       0       0       0
   972 ;;      Temps:          7       0       0       0
   973 ;;      Totals:         9       0       0       0
   974 ;;Total ram usage:        9 bytes
   975 ;; Hardware stack levels used:    1
   976 ;; Hardware stack levels required when called:    1
   977 ;; This function calls:
   978 ;;		i1__state0
   979 ;; This function is called by:
   980 ;;		Interrupt level 1
   981 ;; This function uses a non-reentrant model
   982 ;;
   983                           
   984                           
   985                           ;psect for function _isr
   986  0018                     _isr:	
   987                           
   988                           ;newmain.c: 129: INTCONbits.INTF = 0;
   989  0018  108B               	bcf	11,1	;volatile
   990                           
   991                           ;newmain.c: 131: for (int i = 0; i < 5; i++)
   992  0019  01FA               	clrf	isr@i
   993  001A  01FB               	clrf	isr@i+1
   994  001B  087B               	movf	isr@i+1,w
   995  001C  3A80               	xorlw	128
   996  001D  00FF               	movwf	127
   997  001E  3080               	movlw	128
   998  001F  027F               	subwf	127,w
   999  0020  1D03               	skipz
  1000  0021  2824               	goto	u1_25
  1001  0022  3005               	movlw	5
  1002  0023  027A               	subwf	isr@i,w
  1003  0024                     u1_25:	
  1004  0024  1803               	btfsc	3,0
  1005  0025  2861               	goto	i1l590
  1006  0026                     i1l41:	
  1007                           
  1008                           ;newmain.c: 132: {
  1009                           ;newmain.c: 133: PORTCbits.RC5 = 0;
  1010  0026  1283               	bcf	3,5	;RP0=0, select bank0
  1011  0027  1303               	bcf	3,6	;RP1=0, select bank0
  1012  0028  1287               	bcf	7,5	;volatile
  1013                           
  1014                           ;newmain.c: 134: PORTCbits.RC4 = 1;
  1015  0029  1607               	bsf	7,4	;volatile
  1016                           
  1017                           ;newmain.c: 135: PORTCbits.RC3 = 0;
  1018  002A  1187               	bcf	7,3	;volatile
  1019                           
  1020                           ;newmain.c: 136: PORTCbits.RC0 = 0;
  1021  002B  1007               	bcf	7,0	;volatile
  1022                           
  1023                           ;newmain.c: 137: PORTCbits.RC1 = 1;
  1024  002C  1487               	bsf	7,1	;volatile
  1025                           
  1026                           ;newmain.c: 138: PORTCbits.RC2 = 0;
  1027  002D  1107               	bcf	7,2	;volatile
  1028                           
  1029                           ;newmain.c: 139: _delay((unsigned long)((250)*(4000000/4000.0)));
  1030  002E  3002               	movlw	2
  1031  002F  00F5               	movwf	??_isr+2
  1032  0030  3045               	movlw	69
  1033  0031  00F4               	movwf	??_isr+1
  1034  0032  30A9               	movlw	169
  1035  0033  00F3               	movwf	??_isr
  1036  0034                     u21_27:	
  1037  0034  0BF3               	decfsz	??_isr,f
  1038  0035  2834               	goto	u21_27
  1039  0036  0BF4               	decfsz	??_isr+1,f
  1040  0037  2834               	goto	u21_27
  1041  0038  0BF5               	decfsz	??_isr+2,f
  1042  0039  2834               	goto	u21_27
  1043  003A  283B               	nop2
  1044                           
  1045                           ;newmain.c: 140: PORTCbits.RC5 = 0;
  1046  003B  1283               	bcf	3,5	;RP0=0, select bank0
  1047  003C  1303               	bcf	3,6	;RP1=0, select bank0
  1048  003D  1287               	bcf	7,5	;volatile
  1049                           
  1050                           ;newmain.c: 141: PORTCbits.RC4 = 0;
  1051  003E  1207               	bcf	7,4	;volatile
  1052                           
  1053                           ;newmain.c: 142: PORTCbits.RC3 = 0;
  1054  003F  1187               	bcf	7,3	;volatile
  1055                           
  1056                           ;newmain.c: 143: PORTCbits.RC0 = 0;
  1057  0040  1007               	bcf	7,0	;volatile
  1058                           
  1059                           ;newmain.c: 144: PORTCbits.RC1 = 0;
  1060  0041  1087               	bcf	7,1	;volatile
  1061                           
  1062                           ;newmain.c: 145: PORTCbits.RC2 = 0;
  1063  0042  1107               	bcf	7,2	;volatile
  1064                           
  1065                           ;newmain.c: 146: _delay((unsigned long)((250)*(4000000/4000.0)));
  1066  0043  3002               	movlw	2
  1067  0044  00F5               	movwf	??_isr+2
  1068  0045  3045               	movlw	69
  1069  0046  00F4               	movwf	??_isr+1
  1070  0047  30A9               	movlw	169
  1071  0048  00F3               	movwf	??_isr
  1072  0049                     u22_27:	
  1073  0049  0BF3               	decfsz	??_isr,f
  1074  004A  2849               	goto	u22_27
  1075  004B  0BF4               	decfsz	??_isr+1,f
  1076  004C  2849               	goto	u22_27
  1077  004D  0BF5               	decfsz	??_isr+2,f
  1078  004E  2849               	goto	u22_27
  1079  004F  2850               	nop2
  1080  0050  3001               	movlw	1
  1081  0051  07FA               	addwf	isr@i,f
  1082  0052  1803               	skipnc
  1083  0053  0AFB               	incf	isr@i+1,f
  1084  0054  3000               	movlw	0
  1085  0055  07FB               	addwf	isr@i+1,f
  1086  0056  087B               	movf	isr@i+1,w
  1087  0057  3A80               	xorlw	128
  1088  0058  00FF               	movwf	127
  1089  0059  3080               	movlw	128
  1090  005A  027F               	subwf	127,w
  1091  005B  1D03               	skipz
  1092  005C  285F               	goto	u2_25
  1093  005D  3005               	movlw	5
  1094  005E  027A               	subwf	isr@i,w
  1095  005F                     u2_25:	
  1096  005F  1C03               	skipc
  1097  0060  2826               	goto	i1l41
  1098  0061                     i1l590:	
  1099                           
  1100                           ;newmain.c: 147: }
  1101                           ;newmain.c: 149: state = 0;
  1102  0061  01FC               	clrf	_state
  1103  0062  01FD               	clrf	_state+1
  1104                           
  1105                           ;newmain.c: 150: _state0();
  1106  0063  118A  2168  118A   	fcall	i1__state0
  1107  0066  0879               	movf	??_isr+6,w
  1108  0067  1283               	bcf	3,5	;RP0=0, select bank0
  1109  0068  1303               	bcf	3,6	;RP1=0, select bank0
  1110  0069  00FF               	movwf	127
  1111  006A  0878               	movf	??_isr+5,w
  1112  006B  008A               	movwf	10
  1113  006C  0877               	movf	??_isr+4,w
  1114  006D  0084               	movwf	4
  1115  006E  0E76               	swapf	(??_isr+3)^(0+-128),w
  1116  006F  0083               	movwf	3
  1117  0070  0EFE               	swapf	126,f
  1118  0071  0E7E               	swapf	126,w
  1119  0072  0009               	retfie
  1120  0073                     __end_of_isr:	
  1121                           
  1122                           	psect	intentry
  1123  0004                     __pintentry:	
  1124                           ;incstack = 0
  1125                           ; Regs used in _isr: [wreg+status,2+status,0+btemp+1+pclath+cstack]
  1126                           
  1127  0004                     interrupt_function:	
  1128  007E                     saved_w	set	btemp
  1129  0004  00FE               	movwf	btemp
  1130  0005  0E03               	swapf	3,w
  1131  0006  00F6               	movwf	??_isr+3
  1132  0007  0804               	movf	4,w
  1133  0008  00F7               	movwf	??_isr+4
  1134  0009  080A               	movf	10,w
  1135  000A  00F8               	movwf	??_isr+5
  1136  000B  1283               	bcf	3,5	;RP0=0, select bank0
  1137  000C  1303               	bcf	3,6	;RP1=0, select bank0
  1138  000D  087F               	movf	btemp+1,w
  1139  000E  00F9               	movwf	??_isr+6
  1140  000F  118A  2818         	ljmp	_isr
  1141                           
  1142                           	psect	text8
  1143  0168                     __ptext8:	
  1144 ;; *************** function i1__state0 *****************
  1145 ;; Defined at:
  1146 ;;		line 26 in file "newmain.c"
  1147 ;; Parameters:    Size  Location     Type
  1148 ;;		None
  1149 ;; Auto vars:     Size  Location     Type
  1150 ;;		None
  1151 ;; Return value:  Size  Location     Type
  1152 ;;                  1    wreg      void 
  1153 ;; Registers used:
  1154 ;;		wreg
  1155 ;; Tracked objects:
  1156 ;;		On entry : 0/0
  1157 ;;		On exit  : 0/0
  1158 ;;		Unchanged: 0/0
  1159 ;; Data sizes:     COMMON   BANK0   BANK1   BANK2
  1160 ;;      Params:         0       0       0       0
  1161 ;;      Locals:         0       0       0       0
  1162 ;;      Temps:          3       0       0       0
  1163 ;;      Totals:         3       0       0       0
  1164 ;;Total ram usage:        3 bytes
  1165 ;; Hardware stack levels used:    1
  1166 ;; This function calls:
  1167 ;;		Nothing
  1168 ;; This function is called by:
  1169 ;;		_isr
  1170 ;; This function uses a non-reentrant model
  1171 ;;
  1172                           
  1173                           
  1174                           ;psect for function i1__state0
  1175  0168                     i1__state0:	
  1176                           
  1177                           ;newmain.c: 28: INTCONbits.GIE = 1;
  1178                           
  1179                           ;incstack = 0
  1180                           ; Regs used in i1__state0: [wreg]
  1181  0168  178B               	bsf	11,7	;volatile
  1182                           
  1183                           ;newmain.c: 29: INTCONbits.INTF = 0;
  1184  0169  108B               	bcf	11,1	;volatile
  1185                           
  1186                           ;newmain.c: 30: PORTCbits.RC5 = 0;
  1187  016A  1283               	bcf	3,5	;RP0=0, select bank0
  1188  016B  1303               	bcf	3,6	;RP1=0, select bank0
  1189  016C  1287               	bcf	7,5	;volatile
  1190                           
  1191                           ;newmain.c: 31: PORTCbits.RC4 = 0;
  1192  016D  1207               	bcf	7,4	;volatile
  1193                           
  1194                           ;newmain.c: 32: PORTCbits.RC3 = 1;
  1195  016E  1587               	bsf	7,3	;volatile
  1196                           
  1197                           ;newmain.c: 33: PORTCbits.RC0 = 1;
  1198  016F  1407               	bsf	7,0	;volatile
  1199                           
  1200                           ;newmain.c: 34: PORTCbits.RC1 = 0;
  1201  0170  1087               	bcf	7,1	;volatile
  1202                           
  1203                           ;newmain.c: 35: PORTCbits.RC2 = 0;
  1204  0171  1107               	bcf	7,2	;volatile
  1205                           
  1206                           ;newmain.c: 36: _delay((unsigned long)((10000)*(4000000/4000.0)));
  1207  0172  3033               	movlw	51
  1208  0173  00F2               	movwf	??i1__state0+2
  1209  0174  30BB               	movlw	187
  1210  0175  00F1               	movwf	??i1__state0+1
  1211  0176  30DF               	movlw	223
  1212  0177  00F0               	movwf	??i1__state0
  1213  0178                     u23_27:	
  1214  0178  0BF0               	decfsz	??i1__state0,f
  1215  0179  2978               	goto	u23_27
  1216  017A  0BF1               	decfsz	??i1__state0+1,f
  1217  017B  2978               	goto	u23_27
  1218  017C  0BF2               	decfsz	??i1__state0+2,f
  1219  017D  2978               	goto	u23_27
  1220  017E  297F               	nop2
  1221                           
  1222                           ;newmain.c: 37: state = 1;
  1223  017F  3001               	movlw	1
  1224  0180  00FC               	movwf	_state
  1225  0181  3000               	movlw	0
  1226  0182  00FD               	movwf	_state+1
  1227  0183  0008               	return
  1228  0184                     __end_ofi1__state0:	
  1229                           ;newmain.c: 39: return;
  1230                           
  1231  007E                     btemp	set	126	;btemp
  1232  007E                     wtemp0	set	126


Data Sizes:
    Strings     0
    Constant    0
    Data        0
    BSS         2
    Persistent  0
    Stack       0

Auto Spaces:
    Space          Size  Autos    Used
    COMMON           14     12      14
    BANK0            80      3       3
    BANK1            80      0       0
    BANK2            80      0       0

Pointer List with Targets:

    None.

Critical Paths under _main in COMMON

    None.

Critical Paths under _isr in COMMON

    _isr->i1__state0

Critical Paths under _main in BANK0

    _main->__state0
    _main->__state1
    _main->__state2
    _main->__state3
    _main->__state4
    _main->__state5

Critical Paths under _isr in BANK0

    None.

Critical Paths under _main in BANK1

    None.

Critical Paths under _isr in BANK1

    None.

Critical Paths under _main in BANK2

    None.

Critical Paths under _isr in BANK2

    None.

Call Graph Tables:

 ---------------------------------------------------------------------------------
 (Depth) Function   	        Calls       Base Space   Used Autos Params    Refs
 ---------------------------------------------------------------------------------
 (0) _main                                                 0     0      0       0
                            __state0
                            __state1
                            __state2
                            __state3
                            __state4
                            __state5
 ---------------------------------------------------------------------------------
 (1) __state5                                              3     3      0       0
                                              0 BANK0      3     3      0
 ---------------------------------------------------------------------------------
 (1) __state4                                              3     3      0       0
                                              0 BANK0      3     3      0
 ---------------------------------------------------------------------------------
 (1) __state3                                              3     3      0       0
                                              0 BANK0      3     3      0
 ---------------------------------------------------------------------------------
 (1) __state2                                              3     3      0       0
                                              0 BANK0      3     3      0
 ---------------------------------------------------------------------------------
 (1) __state1                                              3     3      0       0
                                              0 BANK0      3     3      0
 ---------------------------------------------------------------------------------
 (1) __state0                                              3     3      0       0
                                              0 BANK0      3     3      0
 ---------------------------------------------------------------------------------
 Estimated maximum stack depth 1
 ---------------------------------------------------------------------------------
 (Depth) Function   	        Calls       Base Space   Used Autos Params    Refs
 ---------------------------------------------------------------------------------
 (2) _isr                                                  9     9      0      30
                                              3 COMMON     9     9      0
                          i1__state0
 ---------------------------------------------------------------------------------
 (3) i1__state0                                            3     3      0       0
                                              0 COMMON     3     3      0
 ---------------------------------------------------------------------------------
 Estimated maximum stack depth 3
 ---------------------------------------------------------------------------------

 Call Graph Graphs:

 _main (ROOT)
   __state0
   __state1
   __state2
   __state3
   __state4
   __state5

 _isr (ROOT)
   i1__state0

 Address spaces:
Name               Size   Autos  Total    Cost      Usage
BITCOMMON            E      0       0       0        0.0%
EEDATA             100      0       0       0        0.0%
NULL                 0      0       0       0        0.0%
CODE                 0      0       0       0        0.0%
COMMON               E      C       E       1      100.0%
BITSFR0              0      0       0       1        0.0%
SFR0                 0      0       0       1        0.0%
BITSFR1              0      0       0       2        0.0%
SFR1                 0      0       0       2        0.0%
STACK                0      0       0       2        0.0%
BANK0               50      3       3       3        3.8%
BITBANK1            50      0       0       4        0.0%
BITSFR3              0      0       0       4        0.0%
SFR3                 0      0       0       4        0.0%
BANK1               50      0       0       5        0.0%
BITSFR2              0      0       0       5        0.0%
SFR2                 0      0       0       5        0.0%
BITBANK2            50      0       0       6        0.0%
BANK2               50      0       0       7        0.0%
ABS                  0      0      11       8        0.0%
BITBANK0            50      0       0       9        0.0%
DATA                 0      0      11      10        0.0%


Microchip Technology PIC Macro Assembler V1.43 build -156212558 
Symbol Table                                                                                   Wed Jul 03 21:49:35 2019

            __CFG_CP$OFF 0000                      l710 0093                      l702 008B  
                    l706 008F                      l692 0096                      l694 0083  
                    l698 0087                      u207 0140                      u157 015E  
                    u167 00C8                      u177 00E6             __CFG_CPD$OFF 0000  
                    u187 0104                      u197 0122                      _isr 0018  
                    fsr0 0004                     ?_isr 0070                     i1l41 0026  
                   u1_25 0024                     u2_25 005F                     _main 0073  
                   btemp 007E                     isr@i 007A                     start 0011  
          __CFG_IESO$OFF 0000            __CFG_MCLRE$ON 0000                    ??_isr 0073  
                  ?_main 0070            __CFG_WDTE$OFF 0000                    _ANSEL 011E  
                  i1l590 0061                    u21_27 0034                    u22_27 0049  
                  u23_27 0178                    _TRISA 0085                    _TRISB 0086  
                  _TRISC 0087           __CFG_FCMEN$OFF 0000          __end_of__state0 014C  
        __end_of__state1 012E          __end_of__state2 0110          __end_of__state3 00F2  
        __end_of__state4 00D4          __end_of__state5 0168                    _state 007C  
         __CFG_BOREN$OFF 0000                    pclath 000A                    status 0003  
                  wtemp0 007E          __initialization 0013       __size_ofi1__state0 001C  
           __end_of_main 00B6                   ??_main 0023           __CFG_PWRTE$OFF 0000  
              ??__state0 0020                ??__state1 0020                ??__state2 0020  
              ??__state3 0020                ??__state4 0020                ??__state5 0020  
                 saved_w 007E        __end_ofi1__state0 0184  __end_of__initialization 0015  
         __pcstackCOMMON 0070           _OPTION_REGbits 0081               __pmaintext 0073  
             __pintentry 0004                  __ptext1 014C                  __ptext2 00B6  
                __ptext3 00D4                  __ptext4 00F2                  __ptext5 0110  
                __ptext6 012E                  __ptext7 0018                  __ptext8 0168  
                __state0 012E                  __state1 0110                  __state2 00F2  
                __state3 00D4                  __state4 00B6                  __state5 014C  
           __size_of_isr 005B     end_of_initialization 0015                _PORTCbits 0007  
              i1__state0 0168      start_initialization 0013              __end_of_isr 0073  
             ?i1__state0 0070              __pbssCOMMON 007C                ___latbits 0001  
          __pcstackBANK0 0020                 ?__state0 0070                 ?__state1 0070  
               ?__state2 0070                 ?__state3 0070                 ?__state4 0070  
               ?__state5 0070              ??i1__state0 0070        interrupt_function 0004  
       __size_of__state0 001E         __size_of__state1 001E         __size_of__state2 001E  
       __size_of__state3 001E         __size_of__state4 001E         __size_of__state5 001C  
          __size_of_main 0043               _INTCONbits 000B                 intlevel1 0000  
      __CFG_FOSC$INTRCIO 0000  
